[2017-11-12 01:31:52] [AbstractTest.java] [1] [INFO] 
============= Test configuration =============
url=http://www.qaprosoft.com
env=DEMO
env_arg_resolver=com.qaprosoft.carina.core.foundation.utils.DefaultEnvArgResolver
platform=*
browser=chrome
browser_version=*
selenium_host=http://localhost:4444/wd/hub
driver_mode=method_mode
max_driver_count=3
custom_capabilities=
extra_capabilities=
app_version=
proxy_host=
proxy_port=
proxy_protocols=http,https,ftp
browsermob_proxy=false
browsermob_port=0
proxy_set_to_system=true
report_url=
email_list=
failure_email_list=
track_known_issues=false
auto_screenshot=true
smart_screenshot=false
implicit_timeout=10
explicit_timeout=20
auto_download=false
auto_download_apps=
retry_interval=5
project_report_directory=./reports/qa
max_screen_history=10
result_sorting=true
keep_all_screenshots=true
big_screen_width=-1
big_screen_height=-1
small_screen_width=90
small_screen_height=60
sender_email=
sender_pswd=
init_retry_count=2
init_retry_interval=1
retry_count=0
enable_l10n=true
locale=en_US
enable_i18n=true
language=en_US
thread_count=1
data_provider_thread_count=-1
core_log_level=INFO
log_all_json=true
date_format=HH:mm:ss yyyy-MM-dd
time_format=HH:mm:ss
suite_name=
ci_url=
ci_build=
jira_updater=com.qaprosoft.carina.core.foundation.jira.DefaultJiraUpdater
jira_url=
jira_user=
jira_password=
jira_suite_id=
jira_project=
jira_project_short=
jira_create_new_ticket=false
mobile_app_preupgrade=
mobile_app_uninstall=FALSE
mobile_app_install=FALSE
mobile_app_clear_cache=FALSE
mobile_appium_restart=FALSE
mobile_tools_home=/opt/tools/selenium
mobile_screen_switcher=false
video_recording=false
testrail_url=
testrail_user=
testrail_password=
testrail_updater=com.qaprosoft.carina.core.foundation.report.testrail.EmptyTestRailUpdater
testrail_milestone=
testrail_assignee=
s3_bucket_name=
access_key_id=
secret_key=
s3_local_storage=.
s3_screenshot_bucket_name=
s3_save_screenshots=FALSE
hockeyapp_token=
hockeyapp_local_storage=.
add_new_localization=false
add_new_localization_path=
add_new_localization_property_name=new_custom_messages_
cucumber_tests=
cucumber_tests_app_version=
cucumber_tests_name=
cucumber_tests_results_image_resize=30
cucumber_user_js_in_report=
cucumber_report_subfolder=cucumber-html-reports
tls_keysecure_location=
health_check_class=
health_check_methods=

------------- Driver capabilities -----------
================================================

[2017-11-12 01:31:53] [Messager.java] [1] [INFO] 
======================================================================================================================================
INFO: TEST [Default test - testMailRuLogin] STARTED at [01:31:53 2017-11-12]
[2017-11-12 01:31:56] [CryptoTool.java] [1] [ERROR] File '.\src\main\resources\crypto.key' does not exist
[2017-11-12 01:31:56] [CryptoTool.java] [1] [ERROR] File '.\src\main\resources\crypto.key' does not exist
[2017-11-12 01:31:56] [CryptoTool.java] [1] [ERROR] File '.\src\main\resources\crypto.key' does not exist
[2017-11-12 01:31:56] [CryptoTool.java] [1] [ERROR] File '.\src\main\resources\crypto.key' does not exist
[2017-11-12 01:32:00] [Messager.java] [1] [INFO] INFO: url 'https://account.mail.ru/login' is opened.
[2017-11-12 01:32:01] [Messager.java] [1] [INFO] PASS: keys 'username' are sent to element 'emailTextField'.
[2017-11-12 01:32:02] [Messager.java] [1] [INFO] PASS: keys 'password' are sent to element 'passwordTextField'.
[2017-11-12 01:32:24] [Messager.java] [1] [ERROR] FAIL: element 'signInButton (By.xpath: //button/span[text()='Войти'])' is not clicked!
[2017-11-12 01:32:25] [Messager.java] [1] [INFO] 
INFO: TEST [Default test - testMailRuLogin] FAILED at [01:32:25 2017-11-12] - FAIL: element 'signInButton (By.xpath: //button/span[text()='Войти'])' is not clicked!

com.qaprosoft.carina.core.foundation.webdriver.decorator.ExtendedWebElement.clickSafe(ExtendedWebElement.java:649)
com.qaprosoft.carina.core.foundation.webdriver.decorator.ExtendedWebElement.click(ExtendedWebElement.java:308)
com.qaprosoft.carina.core.foundation.webdriver.decorator.ExtendedWebElement.click(ExtendedWebElement.java:298)
com.qaprosoft.test.mailru.LoginPage.signIn(LoginPage.java:42)
com.qaprosoft.demo.LoginTest.testMailRuLogin(LoginTest.java:32)
sun.reflect.NativeMethodAccessorImpl.invoke0(Native Method)
sun.reflect.NativeMethodAccessorImpl.invoke(Unknown Source)
sun.reflect.DelegatingMethodAccessorImpl.invoke(Unknown Source)
java.lang.reflect.Method.invoke(Unknown Source)
org.testng.internal.MethodInvocationHelper.invokeMethod(MethodInvocationHelper.java:108)
org.testng.internal.Invoker.invokeMethod(Invoker.java:669)
org.testng.internal.Invoker.invokeTestMethod(Invoker.java:877)
org.testng.internal.Invoker.invokeTestMethods(Invoker.java:1201)
org.testng.internal.TestMethodWorker.invokeTestMethods(TestMethodWorker.java:125)
org.testng.internal.TestMethodWorker.run(TestMethodWorker.java:109)
org.testng.TestRunner.privateRun(TestRunner.java:776)
org.testng.TestRunner.run(TestRunner.java:634)
org.testng.SuiteRunner.runTest(SuiteRunner.java:425)
org.testng.SuiteRunner.runSequentially(SuiteRunner.java:420)
org.testng.SuiteRunner.privateRun(SuiteRunner.java:385)
org.testng.SuiteRunner.run(SuiteRunner.java:334)
org.testng.SuiteRunnerWorker.runSuite(SuiteRunnerWorker.java:52)
org.testng.SuiteRunnerWorker.run(SuiteRunnerWorker.java:86)
org.testng.TestNG.runSuitesSequentially(TestNG.java:1318)
org.testng.TestNG.runSuitesLocally(TestNG.java:1243)
org.testng.TestNG.runSuites(TestNG.java:1161)
org.testng.TestNG.run(TestNG.java:1129)
org.testng.remote.AbstractRemoteTestNG.run(AbstractRemoteTestNG.java:114)
org.testng.remote.RemoteTestNG.initAndRun(RemoteTestNG.java:251)
org.testng.remote.RemoteTestNG.main(RemoteTestNG.java:77)
======================================================================================================================================
[2017-11-12 01:32:25] [CryptoTool.java] [1] [ERROR] File '.\src\main\resources\crypto.key' does not exist
